Using pre-set license

 COMMAND LINE ARGUMENTS:
/Applications/Unity/Hub/Editor/2020.3.0f1/Unity.app/Contents/MacOS/Unity
-adb2
-batchMode
-noUpm
-name
AssetImportWorker0
-projectPath
/Users/cheng-yehwu/Downloads/NYU_Games_S23-Unity2D/Ryan 2d-adventure-game/Ryan adventure game
-logFile
Logs/AssetImportWorker0.log
-srvPort
58120
Successfully changed project path to: /Users/cheng-yehwu/Downloads/NYU_Games_S23-Unity2D/Ryan 2d-adventure-game/Ryan adventure game
/Users/cheng-yehwu/Downloads/NYU_Games_S23-Unity2D/Ryan 2d-adventure-game/Ryan adventure game
Using Asset Import Pipeline V2.
Refreshing native plugins compatible for Editor in 31.57 ms, found 1 plugins.
Preloading 0 native plugins for Editor in 0.00 ms.
Initialize engine version: 2020.3.0f1 (c7b5465681fb)
[Subsystems] Discovering subsystems at path /Applications/Unity/Hub/Editor/2020.3.0f1/Unity.app/Contents/Resources/UnitySubsystems
[Subsystems] Discovering subsystems at path /Users/cheng-yehwu/Downloads/NYU_Games_S23-Unity2D/Ryan 2d-adventure-game/Ryan adventure game/Assets
GfxDevice: creating device client; threaded=0
2023-05-12 12:22:59.412 Unity[69601:2594898] (null) preferred device: Apple M1 (high power)
2023-05-12 12:22:59.412 Unity[69601:2594898] Metal devices available: 1
2023-05-12 12:22:59.412 Unity[69601:2594898] 0: Apple M1 (high power)
2023-05-12 12:22:59.413 Unity[69601:2594898] Using device Apple M1 (high power)
Initializing Metal device caps: Apple M1
Initialize mono
Mono path[0] = '/Applications/Unity/Hub/Editor/2020.3.0f1/Unity.app/Contents/Managed'
Mono path[1] = '/Applications/Unity/Hub/Editor/2020.3.0f1/Unity.app/Contents/MonoBleedingEdge/lib/mono/unityjit'
Mono config path = '/Applications/Unity/Hub/Editor/2020.3.0f1/Unity.app/Contents/MonoBleedingEdge/etc'
Using monoOptions --debugger-agent=transport=dt_socket,embedding=1,server=y,suspend=n,address=127.0.0.1:56601
Begin MonoManager ReloadAssembly
Registering precompiled unity dll's ...
Register platform support module: /Applications/Unity/Hub/Editor/2020.3.0f1/Unity.app/Contents/PlaybackEngines/MacStandaloneSupport/UnityEditor.OSXStandalone.Extensions.dll
Registered in 0.001211 seconds.
Native extension for OSXStandalone target not found
Refreshing native plugins compatible for Editor in 21.99 ms, found 1 plugins.
Preloading 0 native plugins for Editor in 0.00 ms.
Invoked RoslynAnalysisRunner static constructor.
RoslynAnalysisRunner will not be running.
RoslynAnalysisRunner has terminated.
Mono: successfully reloaded assembly
- Completed reload, in  1.698 seconds
Platform modules already initialized, skipping
Registering precompiled user dll's ...
Registered in 0.000629 seconds.
Begin MonoManager ReloadAssembly
Native extension for OSXStandalone target not found
Refreshing native plugins compatible for Editor in 0.18 ms, found 1 plugins.
Preloading 0 native plugins for Editor in 0.00 ms.
Invoked RoslynAnalysisRunner static constructor.
RoslynAnalysisRunner will not be running.
RoslynAnalysisRunner has terminated.
Mono: successfully reloaded assembly
- Completed reload, in  1.610 seconds
Platform modules already initialized, skipping
========================================================================
Worker process is ready to serve import requests
Launching external process: /Applications/Unity/Hub/Editor/2020.3.0f1/Unity.app/Contents/Tools/UnityShaderCompiler
Launched and connected shader compiler UnityShaderCompiler after 0.12 seconds
Refreshing native plugins compatible for Editor in 0.19 ms, found 1 plugins.
Preloading 0 native plugins for Editor in 0.00 ms.
Unloading 1120 Unused Serialized files (Serialized files now loaded: 0)
System memory in use before: 107.0 MB.
System memory in use after: 107.1 MB.

Unloading 9 unused Assets to reduce memory usage. Loaded Objects now: 1564.
Total: 2.464125 ms (FindLiveObjects: 0.233375 ms CreateObjectMapping: 0.023459 ms MarkObjects: 2.151958 ms  DeleteObjects: 0.054375 ms)

========================================================================
Received Import Request.
  path: Assets/st.cs
  artifactKey: Guid(42ddb4a6526824016b2ae6d5bbeebb9a) Importer(815301076,1909f56bfc062723c751e8b465ee728b)
Start importing Assets/st.cs using Guid(42ddb4a6526824016b2ae6d5bbeebb9a) Importer(815301076,1909f56bfc062723c751e8b465ee728b)  -> (artifact id: '9623bd13f7beacc34918a803e1c61f0a') in 0.307635 seconds
  Import took 0.309369 seconds .

========================================================================
Received Prepare
Registering precompiled user dll's ...
Registered in 0.000698 seconds.
Begin MonoManager ReloadAssembly
Native extension for OSXStandalone target not found
Refreshing native plugins compatible for Editor in 0.19 ms, found 1 plugins.
Preloading 0 native plugins for Editor in 0.00 ms.
Invoked RoslynAnalysisRunner static constructor.
RoslynAnalysisRunner will not be running.
RoslynAnalysisRunner has terminated.
Mono: successfully reloaded assembly
- Completed reload, in  1.601 seconds
Platform modules already initialized, skipping
Refreshing native plugins compatible for Editor in 0.15 ms, found 1 plugins.
Preloading 0 native plugins for Editor in 0.00 ms.
Unloading 1114 Unused Serialized files (Serialized files now loaded: 0)
System memory in use before: 111.2 MB.
System memory in use after: 111.2 MB.

Unloading 4 unused Assets to reduce memory usage. Loaded Objects now: 1567.
Total: 1.120542 ms (FindLiveObjects: 0.119916 ms CreateObjectMapping: 0.023500 ms MarkObjects: 0.955208 ms  DeleteObjects: 0.021250 ms)

